<?xml version="1.0" encoding="UTF-8"?>
<!-- Generated by org.testng.reporters.JUnitReportReporter -->
<testsuite hostname="DESKTOP-3M1GHR1" failures="0" tests="1" name="TestLayer.LoginPageTest" time="0.015" errors="0" timestamp="2024-01-17T23:31:01 IST" skipped="0">
  <testcase classname="TestLayer.LoginPageTest" name="validateLoginPage" time="0.015"/>
  <system-out/>
</testsuite> <!-- TestLayer.LoginPageTest -->
